{
  "RSpec": {
    "coverage": {
      "/Users/mehak/Workspace/codeignition/go_projects/src/bitbucket.org/gojek/hachi/app/models/ldap_configuration.rb": [
        1,
        1,
        null,
        null
      ],
      "/Users/mehak/Workspace/codeignition/go_projects/src/bitbucket.org/gojek/hachi/app/models/user.rb": [
        1,
        1,
        null,
        null,
        1,
        null,
        null,
        1,
        1,
        1,
        null,
        1,
        null,
        null,
        1,
        0,
        null,
        null,
        1,
        0,
        0,
        0,
        0,
        null,
        null,
        1,
        0,
        0,
        0,
        null,
        null,
        1,
        0,
        null,
        null,
        1,
        0,
        0,
        0,
        null,
        null,
        1,
        0,
        null,
        null,
        1,
        1,
        0,
        null,
        null,
        1,
        0,
        0,
        null,
        null,
        1,
        0,
        null,
        null,
        1,
        0,
        null,
        null
      ],
      "/Users/mehak/Workspace/codeignition/go_projects/src/bitbucket.org/gojek/hachi/app/helpers/application_helper.rb": [
        1,
        null
      ],
      "/Users/mehak/Workspace/codeignition/go_projects/src/bitbucket.org/gojek/hachi/app/helpers/static_pages_helper.rb": [
        1,
        null
      ],
      "/Users/mehak/Workspace/codeignition/go_projects/src/bitbucket.org/gojek/hachi/app/models/ldap_users.rb": [
        1,
        null,
        null,
        null,
        1,
        1,
        1,
        2,
        null,
        null,
        null,
        null,
        null,
        null,
        null,
        null,
        null,
        null,
        1,
        2,
        2,
        2,
        0,
        0,
        null,
        null,
        2,
        null,
        null,
        null,
        null
      ],
      "/Users/mehak/Workspace/codeignition/go_projects/src/bitbucket.org/gojek/hachi/app/controllers/application_controller.rb": [
        0,
        0,
        0,
        0,
        0
      ],
      "/Users/mehak/Workspace/codeignition/go_projects/src/bitbucket.org/gojek/hachi/app/controllers/confirmations_controller.rb": [
        0,
        0,
        0,
        0,
        0,
        0,
        0,
        0,
        0,
        0,
        0,
        0,
        0,
        0,
        0,
        0,
        0,
        0,
        0,
        0,
        0,
        0,
        0
      ],
      "/Users/mehak/Workspace/codeignition/go_projects/src/bitbucket.org/gojek/hachi/app/controllers/ldap_configurations_controller.rb": [
        0,
        0,
        0,
        0,
        0,
        0,
        0,
        0,
        0,
        0,
        0,
        0,
        0,
        0,
        0,
        0,
        0,
        0,
        0,
        0,
        0,
        0,
        0
      ],
      "/Users/mehak/Workspace/codeignition/go_projects/src/bitbucket.org/gojek/hachi/app/controllers/registrations_controller.rb": [
        0,
        0,
        0,
        0,
        0,
        0,
        0,
        0,
        0,
        0,
        0,
        0,
        0,
        0,
        0,
        0,
        0,
        0,
        0,
        0,
        0,
        0,
        0,
        0,
        0,
        0
      ],
      "/Users/mehak/Workspace/codeignition/go_projects/src/bitbucket.org/gojek/hachi/app/controllers/static_pages_controller.rb": [
        0,
        0,
        0,
        0,
        0,
        0,
        0,
        0,
        0
      ]
    },
    "timestamp": 1456728022
  }
}
